<?xml version="1.0" encoding="UTF-8"?>
<!-- Generated by org.testng.reporters.JUnitReportReporter -->
<testsuite hostname="PUN-LAP-KOTHA" failures="0" tests="2" name="seleniumCode.ErrorValidations" time="43.638" errors="0" timestamp="2023-05-05T18:37:41 IST" skipped="0">
  <testcase classname="seleniumCode.ErrorValidations" name="LoginerrValidation" time="7.403"/>
  <system-out/>
  <testcase classname="seleniumCode.ErrorValidations" name="ProductErrValidation" time="36.235"/>
  <system-out/>
</testsuite> <!-- seleniumCode.ErrorValidations -->
