<?xml version="1.0" encoding="UTF-8"?>
<!-- Generated by org.testng.reporters.JUnitReportReporter -->
<testsuite hostname="PUN-LAP-KOTHA" failures="0" tests="3" name="seleniumCode.POMstandalonecode" time="55.447" errors="0" timestamp="2023-05-05T19:00:18 IST" skipped="0">
  <testcase classname="seleniumCode.POMstandalonecode" name="submitorder" time="26.522"/>
  <system-out/>
  <testcase classname="seleniumCode.POMstandalonecode" name="OrderHistoryTest" time="8.172"/>
  <system-out/>
  <testcase classname="seleniumCode.POMstandalonecode" name="submitorder" time="20.753"/>
  <system-out/>
</testsuite> <!-- seleniumCode.POMstandalonecode -->
